<?xml version="1.0" encoding="UTF-8"?>
<!-- Generated by org.testng.reporters.JUnitReportReporter -->
<testsuite hostname="GanesH" failures="0" tests="1" name="runner.TestRun" time="45.991" errors="0" timestamp="2025-09-26T11:45:53 IST" skipped="0">
  <testcase classname="runner.TestRun" name="runScenario" time="45.991"/>
  <system-out/>
</testsuite> <!-- runner.TestRun -->
