<?xml version="1.0" encoding="UTF-8"?>
<!-- Generated by org.testng.reporters.JUnitReportReporter -->
<testsuite hostname="GanesH" failures="0" tests="1" name="runner.TestRun" time="68.126" errors="0" timestamp="2025-09-27T17:27:51 IST" skipped="0">
  <testcase classname="runner.TestRun" name="runScenario" time="68.126"/>
  <system-out/>
</testsuite> <!-- runner.TestRun -->
